<?xml version="1.0" encoding="UTF-8"?>
<testng-results skipped="0" failed="0" total="1" passed="1">
  <reporter-output>
  </reporter-output>
  <suite name="Default suite" duration-ms="1709" started-at="2018-08-01T09:38:45Z" finished-at="2018-08-01T09:38:47Z">
    <groups>
    </groups>
    <test name="Default test" duration-ms="1709" started-at="2018-08-01T09:38:45Z" finished-at="2018-08-01T09:38:47Z">
      <class name="com.test.RestAssuredApiTest.PostTest">
        <test-method status="PASS" signature="test001()[pri:0, instance:com.test.RestAssuredApiTest.PostTest@71e7a66b]" name="test001" duration-ms="1701" started-at="2018-08-01T17:38:45Z" finished-at="2018-08-01T17:38:47Z">
          <reporter-output>
          </reporter-output>
        </test-method> <!-- test001 -->
      </class> <!-- com.test.RestAssuredApiTest.PostTest -->
    </test> <!-- Default test -->
  </suite> <!-- Default suite -->
</testng-results>
