<?xml version="1.0" encoding="UTF-8"?>
<testng-results skipped="0" failed="0" total="1" passed="1">
  <reporter-output>
  </reporter-output>
  <suite name="Default suite" duration-ms="2177" started-at="2018-08-04T09:06:47Z" finished-at="2018-08-04T09:06:49Z">
    <groups>
    </groups>
    <test name="Default test" duration-ms="2177" started-at="2018-08-04T09:06:47Z" finished-at="2018-08-04T09:06:49Z">
      <class name="com.test.peisongapi.PeiSongApiTest">
        <test-method status="PASS" signature="apit()[pri:0, instance:com.test.peisongapi.PeiSongApiTest@c39f790]" name="apit" duration-ms="2167" started-at="2018-08-04T17:06:47Z" finished-at="2018-08-04T17:06:49Z">
          <reporter-output>
          </reporter-output>
        </test-method> <!-- apit -->
      </class> <!-- com.test.peisongapi.PeiSongApiTest -->
    </test> <!-- Default test -->
  </suite> <!-- Default suite -->
</testng-results>
