<?xml version="1.0" encoding="UTF-8"?>
<testng-results skipped="0" failed="0" total="1" passed="1">
  <reporter-output>
  </reporter-output>
  <suite name="Surefire suite" duration-ms="40" started-at="2018-08-06T02:08:19Z" finished-at="2018-08-06T02:08:19Z">
    <groups>
    </groups>
    <test name="Surefire test" duration-ms="40" started-at="2018-08-06T02:08:19Z" finished-at="2018-08-06T02:08:19Z">
      <class name="com.test.ParaResetApiTest.AppTest">
        <test-method status="PASS" signature="shouldAnswerWithTrue()[pri:0, instance:shouldAnswerWithTrue(com.test.ParaResetApiTest.AppTest)]" name="shouldAnswerWithTrue" duration-ms="3" started-at="2018-08-06T10:08:19Z" finished-at="2018-08-06T10:08:19Z">
          <reporter-output>
          </reporter-output>
        </test-method> <!-- shouldAnswerWithTrue -->
      </class> <!-- com.test.ParaResetApiTest.AppTest -->
    </test> <!-- Surefire test -->
  </suite> <!-- Surefire suite -->
</testng-results>
